<?xml version="1.0" encoding="UTF-8"?>
<testsuite xmlns:xsi="http://www.w3.org/2001/XMLSchema-instance" xsi:noNamespaceSchemaLocation="https://maven.apache.org/surefire/maven-surefire-plugin/xsd/surefire-test-report.xsd" version="3.0.2" name="com.example.pandu.PanduApplicationTests" time="1.302" tests="1" errors="0" skipped="0" failures="0">
  <properties>
[...]
</properties>
  <testcase name="contextLoads" classname="com.example.pandu.PanduApplicationTests" time="0.504">
    <system-out><![CDATA[11:34:43.679 [main] INFO org.springframework.test.context.support.AnnotationConfigContextLoaderUtils -- Could not detect default configuration classes for test class [com.example.pandu.PanduApplicationTests]: PanduApplicationTests does not declare any static, non-private, non-final, nested classes annotated with @Configuration.
11:34:43.751 [main] INFO org.springframework.boot.test.context.SpringBootTestContextBootstrapper -- Found @SpringBootConfiguration com.example.pandu.PanduApplication for test class com.example.pandu.PanduApplicationTests

  .   ____          _            __ _ _
 /\\ / ___'_ __ _ _(_)_ __  __ _ \ \ \ \
( ( )\___ | '_ | '_| | '_ \/ _` | \ \ \ \
 \\/  ___)| |_)| | | | | || (_| |  ) ) ) )
  '  |____| .__|_| |_|_| |_\__, | / / / /
 =========|_|==============|___/=/_/_/_/

 :: Spring Boot ::                (v3.5.5)

2025-08-28T11:34:44.079+08:00  INFO 25596 --- [Pandu] [           main] c.example.pandu.PanduApplicationTests    : Starting PanduApplicationTests using Java 17.0.12 with PID 25596 (started by Mr_zh in C:\Users\Mr_zh\Desktop\项目\PanDuBack\Pandu)
2025-08-28T11:34:44.080+08:00  INFO 25596 --- [Pandu] [           main] c.example.pandu.PanduApplicationTests    : No active profile set, falling back to 1 default profile: "default"
2025-08-28T11:34:44.369+08:00  INFO 25596 --- [Pandu] [           main] c.example.pandu.PanduApplicationTests    : Started PanduApplicationTests in 0.499 seconds (process running for 1.158)
]]></system-out>
  </testcase>
</testsuite>